<?xml version="1.0" encoding="UTF-8"?>
<!-- Generated by org.testng.reporters.JUnitReportReporter -->
<testsuite skipped="3" hostname="MUM15119CPU2027" name="com.nmims.selenium.studentportal.testCase.TC_LoginTest_00001" tests="4" failures="0" timestamp="13 Sep 2023 06:17:03 GMT" time="8.087" errors="1">
  <testcase name="loginTest" time="0.000" classname="com.nmims.selenium.studentportal.testCase.TC_LoginTest_00001">
    <skipped/>
  </testcase> <!-- loginTest -->
  <testcase name="logoutTest" time="0.000" classname="com.nmims.selenium.studentportal.testCase.TC_LoginTest_00001">
    <skipped/>
  </testcase> <!-- logoutTest -->
  <testcase name="loginTest" time="0.000" classname="com.nmims.selenium.studentportal.testCase.TC_LoginTest_00001">
    <skipped/>
  </testcase> <!-- loginTest -->
  <testcase name="setup" time="8.087" classname="com.nmims.selenium.studentportal.testCase.TC_LoginTest_00001">
    <error type="org.openqa.selenium.SessionNotCreatedException" message="session not created: This version of ChromeDriver only supports Chrome version 114
Current browser version is 116.0.5845.182 with binary path C:\Program Files\Google\Chrome\Application\chrome.exe
Build info: version: &#039;3.14.0&#039;, revision: &#039;aacccce0&#039;, time: &#039;2018-08-02T20:19:58.91Z&#039;
System info: host: &#039;MUM15119CPU2027&#039;, ip: &#039;192.168.137.1&#039;, os.name: &#039;Windows 10&#039;, os.arch: &#039;amd64&#039;, os.version: &#039;10.0&#039;, java.version: &#039;1.8.0_121&#039;
Driver info: driver.version: ChromeDriver
remote stacktrace: Backtrace:
	GetHandleVerifier [0x0084A813+48355]
	(No symbol) [0x007DC4B1]
	(No symbol) [0x006E5358]
	(No symbol) [0x007061AC]
	(No symbol) [0x00701EF3]
	(No symbol) [0x00700579]
	(No symbol) [0x00730C55]
	(No symbol) [0x0073093C]
	(No symbol) [0x0072A536]
	(No symbol) [0x007082DC]
	(No symbol) [0x007093DD]
	GetHandleVerifier [0x00AAAABD+2539405]
	GetHandleVerifier [0x00AEA78F+2800735]
	GetHandleVerifier [0x00AE456C+2775612]
	GetHandleVerifier [0x008D51E0+616112]
	(No symbol) [0x007E5F8C]
	(No symbol) [0x007E2328]
	(No symbol) [0x007E240B]
	(No symbol) [0x007D4FF7]
	BaseThreadInitThunk [0x767EFA29+25]
	RtlGetAppContainerNamedObjectPath [0x76FE7A7E+286]
	RtlGetAppContainerNamedObjectPath [0x76FE7A4E+238]
">
      <![CDATA[org.openqa.selenium.SessionNotCreatedException: session not created: This version of ChromeDriver only supports Chrome version 114
Current browser version is 116.0.5845.182 with binary path C:\Program Files\Google\Chrome\Application\chrome.exe
Build info: version: '3.14.0', revision: 'aacccce0', time: '2018-08-02T20:19:58.91Z'
System info: host: 'MUM15119CPU2027', ip: '192.168.137.1', os.name: 'Windows 10', os.arch: 'amd64', os.version: '10.0', java.version: '1.8.0_121'
Driver info: driver.version: ChromeDriver
remote stacktrace: Backtrace:
GetHandleVerifier [0x0084A813+48355]
(No symbol) [0x007DC4B1]
(No symbol) [0x006E5358]
(No symbol) [0x007061AC]
(No symbol) [0x00701EF3]
(No symbol) [0x00700579]
(No symbol) [0x00730C55]
(No symbol) [0x0073093C]
(No symbol) [0x0072A536]
(No symbol) [0x007082DC]
(No symbol) [0x007093DD]
GetHandleVerifier [0x00AAAABD+2539405]
GetHandleVerifier [0x00AEA78F+2800735]
GetHandleVerifier [0x00AE456C+2775612]
GetHandleVerifier [0x008D51E0+616112]
(No symbol) [0x007E5F8C]
(No symbol) [0x007E2328]
(No symbol) [0x007E240B]
(No symbol) [0x007D4FF7]
BaseThreadInitThunk [0x767EFA29+25]
RtlGetAppContainerNamedObjectPath [0x76FE7A7E+286]
RtlGetAppContainerNamedObjectPath [0x76FE7A4E+238]

at sun.reflect.NativeConstructorAccessorImpl.newInstance0(Native Method)
at sun.reflect.NativeConstructorAccessorImpl.newInstance(NativeConstructorAccessorImpl.java:62)
at sun.reflect.DelegatingConstructorAccessorImpl.newInstance(DelegatingConstructorAccessorImpl.java:45)
at java.lang.reflect.Constructor.newInstance(Constructor.java:423)
at org.openqa.selenium.remote.W3CHandshakeResponse.lambda$new$0(W3CHandshakeResponse.java:57)
at org.openqa.selenium.remote.W3CHandshakeResponse.lambda$getResponseFunction$2(W3CHandshakeResponse.java:104)
at org.openqa.selenium.remote.ProtocolHandshake.lambda$createSession$0(ProtocolHandshake.java:122)
at java.util.stream.ReferencePipeline$3$1.accept(ReferencePipeline.java:193)
at java.util.Spliterators$ArraySpliterator.tryAdvance(Spliterators.java:958)
at java.util.stream.ReferencePipeline.forEachWithCancel(ReferencePipeline.java:126)
at java.util.stream.AbstractPipeline.copyIntoWithCancel(AbstractPipeline.java:498)
at java.util.stream.AbstractPipeline.copyInto(AbstractPipeline.java:485)
at java.util.stream.AbstractPipeline.wrapAndCopyInto(AbstractPipeline.java:471)
at java.util.stream.FindOps$FindOp.evaluateSequential(FindOps.java:152)
at java.util.stream.AbstractPipeline.evaluate(AbstractPipeline.java:234)
at java.util.stream.ReferencePipeline.findFirst(ReferencePipeline.java:464)
at org.openqa.selenium.remote.ProtocolHandshake.createSession(ProtocolHandshake.java:125)
at org.openqa.selenium.remote.ProtocolHandshake.createSession(ProtocolHandshake.java:73)
at org.openqa.selenium.remote.HttpCommandExecutor.execute(HttpCommandExecutor.java:136)
at org.openqa.selenium.remote.service.DriverCommandExecutor.execute(DriverCommandExecutor.java:83)
at org.openqa.selenium.remote.RemoteWebDriver.execute(RemoteWebDriver.java:548)
at org.openqa.selenium.remote.RemoteWebDriver.startSession(RemoteWebDriver.java:212)
at org.openqa.selenium.remote.RemoteWebDriver.<init>(RemoteWebDriver.java:130)
at org.openqa.selenium.chrome.ChromeDriver.<init>(ChromeDriver.java:181)
at org.openqa.selenium.chrome.ChromeDriver.<init>(ChromeDriver.java:168)
at org.openqa.selenium.chrome.ChromeDriver.<init>(ChromeDriver.java:123)
at com.nmims.selenium.studentportal.baseClass.BasClass.setup(BasClass.java:48)
at sun.reflect.NativeMethodAccessorImpl.invoke0(Native Method)
at sun.reflect.NativeMethodAccessorImpl.invoke(NativeMethodAccessorImpl.java:62)
at sun.reflect.DelegatingMethodAccessorImpl.invoke(DelegatingMethodAccessorImpl.java:43)
at java.lang.reflect.Method.invoke(Method.java:498)
at org.testng.internal.MethodInvocationHelper.invokeMethod(MethodInvocationHelper.java:124)
at org.testng.internal.MethodInvocationHelper.invokeMethodConsideringTimeout(MethodInvocationHelper.java:59)
at org.testng.internal.Invoker.invokeConfigurationMethod(Invoker.java:458)
at org.testng.internal.Invoker.invokeConfigurations(Invoker.java:222)
at org.testng.internal.Invoker.invokeConfigurations(Invoker.java:142)
at org.testng.internal.TestMethodWorker.invokeBeforeClassMethods(TestMethodWorker.java:168)
at org.testng.internal.TestMethodWorker.run(TestMethodWorker.java:105)
at org.testng.TestRunner.privateRun(TestRunner.java:648)
at org.testng.TestRunner.run(TestRunner.java:505)
at org.testng.SuiteRunner.runTest(SuiteRunner.java:455)
at org.testng.SuiteRunner.runSequentially(SuiteRunner.java:450)
at org.testng.SuiteRunner.privateRun(SuiteRunner.java:415)
at org.testng.SuiteRunner.run(SuiteRunner.java:364)
at org.testng.SuiteRunnerWorker.runSuite(SuiteRunnerWorker.java:52)
at org.testng.SuiteRunnerWorker.run(SuiteRunnerWorker.java:84)
at org.testng.TestNG.runSuitesSequentially(TestNG.java:1208)
at org.testng.TestNG.runSuitesLocally(TestNG.java:1137)
at org.testng.TestNG.runSuites(TestNG.java:1049)
at org.testng.TestNG.run(TestNG.java:1017)
at com.nmims.selenium.studentportal.testRunner.TestNGTestRunner.run(TestNGTestRunner.java:31)
at java.lang.Thread.run(Thread.java:745)
]]>
    </error>
  </testcase> <!-- setup -->
</testsuite> <!-- com.nmims.selenium.studentportal.testCase.TC_LoginTest_00001 -->
